[2026-02-09 10:05:38] [INFO] === DÉBUT SYNC TEMPS_NIVEAU ===
[2026-02-09 10:05:38] [INFO] RAW timeData for : null
[2026-02-09 10:05:39] [INFO] 📊 Total élèves : 970, Index : 0
[2026-02-09 10:05:39] [INFO] ⏳ [1/970] meriemguen@outlook.fr...
[2026-02-09 10:05:41] [INFO] ✅ Upsert OK pour meriemguen@outlook.fr
[2026-02-09 10:05:42] [INFO] ⏳ [2/970] marisapintomorais@gmail.com...
[2026-02-09 10:05:43] [INFO] ✅ Upsert OK pour marisapintomorais@gmail.com
[2026-02-09 10:05:43] [INFO] ⏳ [3/970] sasimportexportsb@gmail.com...
[2026-02-09 10:05:44] [INFO] ✅ Upsert OK pour sasimportexportsb@gmail.com
[2026-02-09 10:05:44] [INFO] ⏳ [4/970] nadege.tardivat@orange.fr...
[2026-02-09 10:05:46] [INFO] ✅ Upsert OK pour nadege.tardivat@orange.fr
[2026-02-09 10:05:46] [INFO] ⏳ [5/970] p.brillaud@laposte.net...
[2026-02-09 10:05:47] [INFO] ✅ Upsert OK pour p.brillaud@laposte.net
[2026-02-09 10:05:47] [INFO] ⏳ [6/970] salima.hasni@yahoo.com...
[2026-02-09 10:05:48] [INFO] ✅ Upsert OK pour salima.hasni@yahoo.com
[2026-02-09 10:05:49] [INFO] ⏳ [7/970] khadijaid@hotmail.fr...
[2026-02-09 10:05:50] [INFO] ✅ Upsert OK pour khadijaid@hotmail.fr
[2026-02-09 10:05:50] [INFO] ⏳ [8/970] knzsmll@gmail.com...
[2026-02-09 10:05:52] [INFO] ✅ Upsert OK pour knzsmll@gmail.com
[2026-02-09 10:05:52] [INFO] ⏳ [9/970] camerata1@live.fr...
[2026-02-09 10:05:53] [INFO] ✅ Upsert OK pour camerata1@live.fr
[2026-02-09 10:05:53] [INFO] ⏳ [10/970] lachelah@yahoo.fr...
[2026-02-09 10:05:55] [INFO] ✅ Upsert OK pour lachelah@yahoo.fr
[2026-02-09 10:05:55] [INFO] ⏳ [11/970] hassana.hamaoui@gmail.com...
[2026-02-09 10:05:56] [INFO] ✅ Upsert OK pour hassana.hamaoui@gmail.com
[2026-02-09 10:05:57] [INFO] ⏳ [12/970] charaf.fatima@gmail.com...
[2026-02-09 10:05:58] [INFO] ✅ Upsert OK pour charaf.fatima@gmail.com
[2026-02-09 10:05:58] [INFO] ⏳ [13/970] fadoua.m@icloud.com...
[2026-02-09 10:06:00] [INFO] ✅ Upsert OK pour fadoua.m@icloud.com
[2026-02-09 10:06:00] [INFO] ⏳ [14/970] dlallia@hotmail.fr...
[2026-02-09 10:06:01] [INFO] ✅ Upsert OK pour dlallia@hotmail.fr
[2026-02-09 10:06:01] [INFO] ⏳ [15/970] rosazzasteph@gmail.com...
[2026-02-09 10:06:03] [INFO] ✅ Upsert OK pour rosazzasteph@gmail.com
[2026-02-09 10:06:03] [INFO] ⏳ [16/970] souadbelk@hotmail.fr...
[2026-02-09 10:06:04] [INFO] ✅ Upsert OK pour souadbelk@hotmail.fr
[2026-02-09 10:06:05] [INFO] ⏳ [17/970] myriem.elk@gmail.com...
[2026-02-09 10:06:07] [INFO] ✅ Upsert OK pour myriem.elk@gmail.com
[2026-02-09 10:06:07] [INFO] ⏳ [18/970] hassanmarion@outlook.fr...
[2026-02-09 10:06:08] [INFO] ✅ Upsert OK pour hassanmarion@outlook.fr
[2026-02-09 10:06:08] [INFO] ⏳ [19/970] theloodwolf@gmail.com...
[2026-02-09 10:06:09] [INFO] ✅ Upsert OK pour theloodwolf@gmail.com
[2026-02-09 10:06:09] [INFO] ⏳ [20/970] diade.ly@yahoo.com...
[2026-02-09 10:06:11] [INFO] ✅ Upsert OK pour diade.ly@yahoo.com
[2026-02-09 10:06:11] [INFO] ⏳ [21/970] limamafef@hotmail.fr...
[2026-02-09 10:06:12] [INFO] ✅ Upsert OK pour limamafef@hotmail.fr
[2026-02-09 10:06:13] [INFO] ⏳ [22/970] hayam2@hotmail.fr...
[2026-02-09 10:06:14] [INFO] ✅ Upsert OK pour hayam2@hotmail.fr
[2026-02-09 10:06:14] [INFO] ⏳ [23/970] maelys.henni@yahoo.fr...
[2026-02-09 10:06:16] [INFO] ✅ Upsert OK pour maelys.henni@yahoo.fr
[2026-02-09 10:06:16] [INFO] ⏳ [24/970] assiabouydarne@icloud.com...
[2026-02-09 10:06:17] [INFO] ✅ Upsert OK pour assiabouydarne@icloud.com
[2026-02-09 10:06:17] [INFO] ⏳ [25/970] fatidrif@msn.com...
[2026-02-09 10:06:19] [INFO] ✅ Upsert OK pour fatidrif@msn.com
[2026-02-09 10:06:19] [INFO] ⏳ [26/970] amina.bersali1601@gmail.com...
[2026-02-09 10:06:20] [INFO] ✅ Upsert OK pour amina.bersali1601@gmail.com
[2026-02-09 10:06:21] [INFO] ⏳ [27/970] vanelef@gmail.com...
[2026-02-09 10:06:22] [INFO] ✅ Upsert OK pour vanelef@gmail.com
[2026-02-09 10:06:22] [INFO] ⏳ [28/970] widade.91200@gmail.com...
[2026-02-09 10:06:24] [INFO] ✅ Upsert OK pour widade.91200@gmail.com
[2026-02-09 10:06:24] [INFO] ⏳ [29/970] linamahfoud92@gmail.com...
[2026-02-09 10:06:25] [INFO] ✅ Upsert OK pour linamahfoud92@gmail.com
[2026-02-09 10:06:25] [INFO] ⏳ [30/970] delfibru@msn.com...
[2026-02-09 10:06:26] [INFO] ✅ Upsert OK pour delfibru@msn.com
[2026-02-09 10:06:26] [INFO] ⏳ [31/970] bakayokocelestine@gmail.com...
[2026-02-09 10:06:28] [INFO] ✅ Upsert OK pour bakayokocelestine@gmail.com
[2026-02-09 10:06:29] [INFO] ⏳ [32/970] mouna.harchay@laposte.net...
[2026-02-09 10:06:30] [INFO] ✅ Upsert OK pour mouna.harchay@laposte.net
[2026-02-09 10:06:30] [INFO] ⏳ [33/970] diorine22@hotmail.fr...
[2026-02-09 10:06:32] [INFO] ✅ Upsert OK pour diorine22@hotmail.fr
[2026-02-09 10:06:32] [INFO] ⏳ [34/970] lunamat.jouanneau@wanadoo.fr...
[2026-02-09 10:06:33] [INFO] ✅ Upsert OK pour lunamat.jouanneau@wanadoo.fr
[2026-02-09 10:06:33] [INFO] ⏳ [35/970] majd.riahi@netcourrier.com...
[2026-02-09 10:06:34] [INFO] ✅ Upsert OK pour majd.riahi@netcourrier.com
[2026-02-09 10:06:34] [INFO] ⏳ [36/970] sopomlili@gmail.com...
[2026-02-09 10:06:36] [INFO] ✅ Upsert OK pour sopomlili@gmail.com
[2026-02-09 10:06:37] [INFO] ⏳ [37/970] sebastien.simon@gmail.com...
[2026-02-09 10:06:38] [INFO] ✅ Upsert OK pour sebastien.simon@gmail.com
[2026-02-09 10:06:38] [INFO] ⏳ [38/970] inayaflye@gmail.com...
[2026-02-09 10:06:39] [INFO] ✅ Upsert OK pour inayaflye@gmail.com
[2026-02-09 10:06:39] [INFO] ⏳ [39/970] margueritefaye@ymail.com...
[2026-02-09 10:06:41] [INFO] ✅ Upsert OK pour margueritefaye@ymail.com
[2026-02-09 10:06:41] [INFO] ⏳ [40/970] ezzouhrimounia@gmail.com...
[2026-02-09 10:06:42] [INFO] ✅ Upsert OK pour ezzouhrimounia@gmail.com
[2026-02-09 10:06:42] [INFO] ⏳ [41/970] i.haddeji@gmail.com...
[2026-02-09 10:06:44] [INFO] ✅ Upsert OK pour i.haddeji@gmail.com
[2026-02-09 10:06:45] [INFO] ⏳ [42/970] malik1412@hotmail.com...
[2026-02-09 10:06:46] [INFO] ✅ Upsert OK pour malik1412@hotmail.com
[2026-02-09 10:06:46] [INFO] ⏳ [43/970] sihambelhadi1@gmail.com...
[2026-02-09 10:06:47] [INFO] ✅ Upsert OK pour sihambelhadi1@gmail.com
[2026-02-09 10:06:47] [INFO] ⏳ [44/970] celinemichel1@hotmail.fr...
[2026-02-09 10:06:49] [INFO] ✅ Upsert OK pour celinemichel1@hotmail.fr
[2026-02-09 10:06:49] [INFO] ⏳ [45/970] fatima13860@gmail.com...
[2026-02-09 10:06:50] [INFO] ✅ Upsert OK pour fatima13860@gmail.com
[2026-02-09 10:06:50] [INFO] ⏳ [46/970] ratch.thiam@hotmail.fr...
[2026-02-09 10:06:52] [INFO] ✅ Upsert OK pour ratch.thiam@hotmail.fr
[2026-02-09 10:06:53] [INFO] ⏳ [47/970] edjei1@yahoo.fr...
[2026-02-09 10:06:54] [INFO] ✅ Upsert OK pour edjei1@yahoo.fr
[2026-02-09 10:06:54] [INFO] ⏳ [48/970] hada.benbrahim@gmail.com...
[2026-02-09 10:06:55] [INFO] ✅ Upsert OK pour hada.benbrahim@gmail.com
[2026-02-09 10:06:55] [INFO] ⏳ [49/970] dalal110fr@yahoo.fr...
[2026-02-09 10:06:57] [INFO] ✅ Upsert OK pour dalal110fr@yahoo.fr
[2026-02-09 10:06:57] [INFO] ⏳ [50/970] katiaboufatis@yahoo.fr...
[2026-02-09 10:06:59] [INFO] ✅ Upsert OK pour katiaboufatis@yahoo.fr
[2026-02-09 10:06:59] [INFO] ⏳ [51/970] celine.robin@gmail.com...
[2026-02-09 10:07:00] [INFO] ✅ Upsert OK pour celine.robin@gmail.com
[2026-02-09 10:07:01] [INFO] ⏳ [52/970] nasbox69@gmail.com...
[2026-02-09 10:07:03] [INFO] ✅ Upsert OK pour nasbox69@gmail.com
[2026-02-09 10:07:03] [INFO] ⏳ [53/970] myriam.guez@hotmail.com...
[2026-02-09 10:07:04] [INFO] ✅ Upsert OK pour myriam.guez@hotmail.com
[2026-02-09 10:07:04] [INFO] ⏳ [54/970] samelchwihia@gmail.com...
[2026-02-09 10:07:06] [INFO] ✅ Upsert OK pour samelchwihia@gmail.com
[2026-02-09 10:07:06] [INFO] ⏳ [55/970] soustelle_john@hotmail.fr...
[2026-02-09 10:07:07] [INFO] ✅ Upsert OK pour soustelle_john@hotmail.fr
[2026-02-09 10:07:07] [INFO] ⏳ [56/970] dphialpha+10@gmail.com...
[2026-02-09 10:07:09] [INFO] ✅ Upsert OK pour dphialpha+10@gmail.com
[2026-02-09 10:07:10] [INFO] ⏳ [57/970] jeune.timera@outlook.fr...
[2026-02-09 10:07:11] [INFO] ✅ Upsert OK pour jeune.timera@outlook.fr
[2026-02-09 10:07:11] [INFO] ⏳ [58/970] ana.malo@sfr.fr...
[2026-02-09 10:07:12] [INFO] ✅ Upsert OK pour ana.malo@sfr.fr
[2026-02-09 10:07:12] [INFO] ⏳ [59/970] wahhabijoudia@gmail.com...
[2026-02-09 10:07:14] [INFO] ✅ Upsert OK pour wahhabijoudia@gmail.com
[2026-02-09 10:07:14] [INFO] ⏳ [60/970] cbyndesign@gmail.com...
[2026-02-09 10:07:15] [INFO] ✅ Upsert OK pour cbyndesign@gmail.com
[2026-02-09 10:07:15] [INFO] ⏳ [61/970] oueali79@hotmail.com...
[2026-02-09 10:07:16] [INFO] ✅ Upsert OK pour oueali79@hotmail.com
[2026-02-09 10:07:17] [INFO] ⏳ [62/970] mannani.samira@gmail.com...
[2026-02-09 10:07:19] [INFO] ✅ Upsert OK pour mannani.samira@gmail.com
[2026-02-09 10:07:19] [INFO] ⏳ [63/970] bellinda.alimi@icloud.com...
[2026-02-09 10:07:20] [INFO] ✅ Upsert OK pour bellinda.alimi@icloud.com
[2026-02-09 10:07:20] [INFO] ⏳ [64/970] lindsayh@hotmail.fr...
[2026-02-09 10:07:22] [INFO] ✅ Upsert OK pour lindsayh@hotmail.fr
[2026-02-09 10:07:22] [INFO] ⏳ [65/970] karimagomes2010@gmail.com...
[2026-02-09 10:07:23] [INFO] ✅ Upsert OK pour karimagomes2010@gmail.com
[2026-02-09 10:07:23] [INFO] ⏳ [66/970] khalifimomo3112@gmail.com...
[2026-02-09 10:07:24] [INFO] ✅ Upsert OK pour khalifimomo3112@gmail.com
[2026-02-09 10:07:25] [INFO] ⏳ [67/970] aicha.kdb@gmail.com...
[2026-02-09 10:07:27] [INFO] ✅ Upsert OK pour aicha.kdb@gmail.com
[2026-02-09 10:07:27] [INFO] ⏳ [68/970] samira.abouchane@outlook.fr...
[2026-02-09 10:07:28] [INFO] ✅ Upsert OK pour samira.abouchane@outlook.fr
[2026-02-09 10:07:28] [INFO] ⏳ [69/970] bouyahia93@yahoo.fr...
[2026-02-09 10:07:29] [INFO] ✅ Upsert OK pour bouyahia93@yahoo.fr
[2026-02-09 10:07:29] [INFO] ⏳ [70/970] farahhouat0@gmail.com...
[2026-02-09 10:07:31] [INFO] ✅ Upsert OK pour farahhouat0@gmail.com
[2026-02-09 10:07:31] [INFO] ⏳ [71/970] ayamai0102@gmail.com...
[2026-02-09 10:07:33] [INFO] ✅ Upsert OK pour ayamai0102@gmail.com
[2026-02-09 10:07:34] [INFO] ⏳ [72/970] nadia-lar64@hotmail.fr...
[2026-02-09 10:07:35] [INFO] ✅ Upsert OK pour nadia-lar64@hotmail.fr
[2026-02-09 10:07:35] [INFO] ⏳ [73/970] sohaila.ripoll@gmail.com...
[2026-02-09 10:07:36] [INFO] ✅ Upsert OK pour sohaila.ripoll@gmail.com
[2026-02-09 10:07:36] [INFO] ⏳ [74/970] bassma_sassi@icloud.com...
[2026-02-09 10:07:38] [INFO] ✅ Upsert OK pour bassma_sassi@icloud.com
[2026-02-09 10:07:38] [INFO] ⏳ [75/970] abdelhak.mendli@gmail.com...
[2026-02-09 10:07:39] [INFO] ✅ Upsert OK pour abdelhak.mendli@gmail.com
[2026-02-09 10:07:39] [INFO] ⏳ [76/970] hakima.mokeddem@gmail.com...
[2026-02-09 10:07:41] [INFO] ✅ Upsert OK pour hakima.mokeddem@gmail.com
[2026-02-09 10:07:42] [INFO] ⏳ [77/970] tiburce.e@hotmail.com...
[2026-02-09 10:07:43] [INFO] ✅ Upsert OK pour tiburce.e@hotmail.com
[2026-02-09 10:07:43] [INFO] ⏳ [78/970] mamissa.yoro@gmail.com...
[2026-02-09 10:07:44] [INFO] ✅ Upsert OK pour mamissa.yoro@gmail.com
[2026-02-09 10:07:44] [INFO] ⏳ [79/970] taoufik.leo@gmail.com...
[2026-02-09 10:07:46] [INFO] ✅ Upsert OK pour taoufik.leo@gmail.com
[2026-02-09 10:07:46] [INFO] ⏳ [80/970] samiwiem@gmail.com...
[2026-02-09 10:07:47] [INFO] ✅ Upsert OK pour samiwiem@gmail.com
[2026-02-09 10:07:47] [INFO] ⏳ [81/970] imennebouaicha@gmail.com...
[2026-02-09 10:07:48] [INFO] ✅ Upsert OK pour imennebouaicha@gmail.com
[2026-02-09 10:07:49] [INFO] ⏳ [82/970] azournaima2@gmail.com...
[2026-02-09 10:07:51] [INFO] ✅ Upsert OK pour azournaima2@gmail.com
[2026-02-09 10:07:51] [INFO] ⏳ [83/970] maroufsaida@yahoo.fr...
[2026-02-09 10:07:52] [INFO] ✅ Upsert OK pour maroufsaida@yahoo.fr
[2026-02-09 10:07:52] [INFO] ⏳ [84/970] zaitriwassim53@gmail.com...
[2026-02-09 10:07:53] [INFO] ✅ Upsert OK pour zaitriwassim53@gmail.com
[2026-02-09 10:07:53] [INFO] ⏳ [85/970] nawelle.djabali@hotmail.com...
[2026-02-09 10:07:55] [INFO] ✅ Upsert OK pour nawelle.djabali@hotmail.com
[2026-02-09 10:07:55] [INFO] ⏳ [86/970] adel.z@laposte.net...
[2026-02-09 10:07:56] [INFO] ✅ Upsert OK pour adel.z@laposte.net
[2026-02-09 10:07:57] [INFO] ⏳ [87/970] diakitecisse1@yahoo.fr...
[2026-02-09 10:07:58] [INFO] ✅ Upsert OK pour diakitecisse1@yahoo.fr
[2026-02-09 10:07:58] [INFO] ⏳ [88/970] majdaelhazzat@yahoo.fr...
[2026-02-09 10:08:00] [INFO] ✅ Upsert OK pour majdaelhazzat@yahoo.fr
[2026-02-09 10:08:00] [INFO] ⏳ [89/970] souhir06@hotmail.fr...
[2026-02-09 10:08:01] [INFO] ✅ Upsert OK pour souhir06@hotmail.fr
[2026-02-09 10:08:01] [INFO] ⏳ [90/970] wanissa.soudan@gmail.com...
[2026-02-09 10:08:03] [INFO] ✅ Upsert OK pour wanissa.soudan@gmail.com
[2026-02-09 10:08:03] [INFO] ⏳ [91/970] nadia.benramdane@yahoo.fr...
[2026-02-09 10:08:04] [INFO] ✅ Upsert OK pour nadia.benramdane@yahoo.fr
[2026-02-09 10:08:05] [INFO] ⏳ [92/970] zeta-3@hotmail.fr...
[2026-02-09 10:08:06] [INFO] ✅ Upsert OK pour zeta-3@hotmail.fr
[2026-02-09 10:08:06] [INFO] ⏳ [93/970] mouna.salouba@hotmail.fr...
[2026-02-09 10:08:08] [INFO] ✅ Upsert OK pour mouna.salouba@hotmail.fr
[2026-02-09 10:08:08] [INFO] ⏳ [94/970] akabar.aguida@gmail.com...
[2026-02-09 10:08:09] [INFO] ✅ Upsert OK pour akabar.aguida@gmail.com
[2026-02-09 10:08:09] [INFO] ⏳ [95/970] pegepsi@protonmail.com...
[2026-02-09 10:08:10] [INFO] ✅ Upsert OK pour pegepsi@protonmail.com
[2026-02-09 10:08:10] [INFO] ⏳ [96/970] hannahbezioune00088@gmail.com...
[2026-02-09 10:08:12] [INFO] ✅ Upsert OK pour hannahbezioune00088@gmail.com
[2026-02-09 10:08:13] [INFO] ⏳ [97/970] zolachaal@gmail.com...
[2026-02-09 10:08:14] [INFO] ✅ Upsert OK pour zolachaal@gmail.com
[2026-02-09 10:08:14] [INFO] ⏳ [98/970] mhori0403@gmail.com...
[2026-02-09 10:08:15] [INFO] ✅ Upsert OK pour mhori0403@gmail.com
[2026-02-09 10:08:15] [INFO] ⏳ [99/970] nora.maalem@hotmail.fr...
[2026-02-09 10:08:17] [INFO] ✅ Upsert OK pour nora.maalem@hotmail.fr
[2026-02-09 10:08:17] [INFO] ⏳ [100/970] ifab05@yahoo.fr...
[2026-02-09 10:08:18] [INFO] ✅ Upsert OK pour ifab05@yahoo.fr
[2026-02-09 10:08:18] [INFO] ⏸️ Progression : 100/970
[2026-02-09 10:08:18] [INFO] === FIN SYNC TEMPS_NIVEAU ===
[2026-02-09 13:43:16] [INFO] LW URL: https://academy.dphialpha.fr/admin/api/v2/users?page=1&per_page=1
[2026-02-09 13:43:16] [INFO] LW HTTP: 200
[2026-02-09 13:43:16] [INFO] LW CURL_ERR: none
[2026-02-09 13:43:16] [INFO] LW BODY: {"data":[{"id":"698996021794183d91027994","email":"kamska93@outlook.fr","username":"Karima El farouk","subscribed_for_marketing_emails":false,"eu_customer":true,"is_admin":false,"is_instructor":false,"is_suspended":false,"is_reporter":false,"role":{"level":"user","name":"User"},"is_affiliate":false,
[2026-02-09 13:54:11] [INFO] LW URL: https://academy.dphialpha.fr/admin/api/v2/users?page=1&per_page=1
[2026-02-09 13:54:11] [INFO] LW HTTP: 200
[2026-02-09 13:54:11] [INFO] LW CURL_ERR: none
[2026-02-09 13:54:11] [INFO] LW BODY: {"data":[{"id":"698996021794183d91027994","email":"kamska93@outlook.fr","username":"Karima El farouk","subscribed_for_marketing_emails":false,"eu_customer":true,"is_admin":false,"is_instructor":false,"is_suspended":false,"is_reporter":false,"role":{"level":"user","name":"User"},"is_affiliate":false,
[2026-02-09 13:54:12] [INFO] LW URL: https://academy.dphialpha.fr/admin/api/v2/users/698996021794183d91027994/courses
[2026-02-09 13:54:12] [INFO] LW HTTP: 200
[2026-02-09 13:54:12] [INFO] LW CURL_ERR: none
[2026-02-09 13:54:12] [INFO] LW BODY: {"data":[{"created":1770624515,"expires":1802160515,"course":{"id":"cm2","title":"Niveau CM2","expires":12,"expiresType":"months","afterPurchase":{"type":"thankyou","settings":{"page":null,"url":null}},"categories":["Afficher tout","Cours"],"description":"Retrouve tout le programme officiel de math\
[2026-02-09 14:11:46] [INFO] LW URL: https://academy.dphialpha.fr/admin/api/v2/users?page=1&per_page=1
[2026-02-09 14:11:46] [INFO] LW HTTP: 200
[2026-02-09 14:11:46] [INFO] LW CURL_ERR: none
[2026-02-09 14:11:46] [INFO] LW BODY: {"data":[{"id":"698996021794183d91027994","email":"kamska93@outlook.fr","username":"Karima El farouk","subscribed_for_marketing_emails":false,"eu_customer":true,"is_admin":false,"is_instructor":false,"is_suspended":false,"is_reporter":false,"role":{"level":"user","name":"User"},"is_affiliate":false,
[2026-02-09 14:11:46] [INFO] LW URL: https://academy.dphialpha.fr/admin/api/v2/users/698996021794183d91027994/courses
[2026-02-09 14:11:46] [INFO] LW HTTP: 200
[2026-02-09 14:11:46] [INFO] LW CURL_ERR: none
[2026-02-09 14:11:46] [INFO] LW BODY: {"data":[{"created":1770624515,"expires":1802160515,"course":{"id":"cm2","title":"Niveau CM2","expires":12,"expiresType":"months","afterPurchase":{"type":"thankyou","settings":{"page":null,"url":null}},"categories":["Afficher tout","Cours"],"description":"Retrouve tout le programme officiel de math\
[2026-02-09 14:11:47] [INFO] LW URL: https://academy.dphialpha.fr/admin/api/v2/users/698996021794183d91027994/courses
[2026-02-09 14:11:47] [INFO] LW HTTP: 200
[2026-02-09 14:11:47] [INFO] LW CURL_ERR: none
[2026-02-09 14:11:47] [INFO] LW BODY: {"data":[{"created":1770624515,"expires":1802160515,"course":{"id":"cm2","title":"Niveau CM2","expires":12,"expiresType":"months","afterPurchase":{"type":"thankyou","settings":{"page":null,"url":null}},"categories":["Afficher tout","Cours"],"description":"Retrouve tout le programme officiel de math\
[2026-02-09 14:23:26] [INFO] LW URL: https://academy.dphialpha.fr/admin/api/v2/users?page=1&per_page=1
[2026-02-09 14:23:26] [INFO] LW HTTP: 200
[2026-02-09 14:23:26] [INFO] LW CURL_ERR: none
[2026-02-09 14:23:26] [INFO] LW BODY: {"data":[{"id":"698996021794183d91027994","email":"kamska93@outlook.fr","username":"Karima El farouk","subscribed_for_marketing_emails":false,"eu_customer":true,"is_admin":false,"is_instructor":false,"is_suspended":false,"is_reporter":false,"role":{"level":"user","name":"User"},"is_affiliate":false,
[2026-02-09 14:23:26] [INFO] LW URL: https://academy.dphialpha.fr/admin/api/v2/users/6742e1aec36095bcb50b4fa8/courses
[2026-02-09 14:23:26] [INFO] LW HTTP: 200
[2026-02-09 14:23:26] [INFO] LW CURL_ERR: none
[2026-02-09 14:23:26] [INFO] LW BODY: {"data":[{"created":1732436535,"expires":null,"course":{"id":"pc-terminale","title":"Niveau Terminale - sp\u00e9 physique-chimie","expires":12,"expiresType":"months","afterPurchase":{"type":"thankyou","settings":{"page":null,"url":null}},"categories":["Afficher tout","Cours"],"description":"Acc\u00e
[2026-02-09 14:23:27] [INFO] LW URL: https://academy.dphialpha.fr/admin/api/v2/users/6742e1aec36095bcb50b4fa8/courses
[2026-02-09 14:23:27] [INFO] LW HTTP: 200
[2026-02-09 14:23:27] [INFO] LW CURL_ERR: none
[2026-02-09 14:23:27] [INFO] LW BODY: {"data":[{"created":1732436535,"expires":null,"course":{"id":"pc-terminale","title":"Niveau Terminale - sp\u00e9 physique-chimie","expires":12,"expiresType":"months","afterPurchase":{"type":"thankyou","settings":{"page":null,"url":null}},"categories":["Afficher tout","Cours"],"description":"Acc\u00e
